<?xml version="1.0" encoding="UTF-8"?>
<testsuite xmlns:xsi="http://www.w3.org/2001/XMLSchema-instance" xsi:noNamespaceSchemaLocation="https://maven.apache.org/surefire/maven-surefire-plugin/xsd/surefire-test-report.xsd" name="com.roman.numeral.RomanNumeralTest" time="0.222" tests="7" errors="0" skipped="0" failures="0">
  <properties>
[...]
</properties>
  <testcase name="testLowerCase" classname="com.roman.numeral.RomanNumeralTest" time="0.066"/>
  <testcase name="testMorethan4I" classname="com.roman.numeral.RomanNumeralTest" time="0.004"/>
  <testcase name="testcorrectOutput" classname="com.roman.numeral.RomanNumeralTest" time="0.065"/>
  <testcase name="testEmptyString" classname="com.roman.numeral.RomanNumeralTest" time="0.003"/>
  <testcase name="testMorethan1VorL" classname="com.roman.numeral.RomanNumeralTest" time="0.002"/>
  <testcase name="testInvalidInput" classname="com.roman.numeral.RomanNumeralTest" time="0.001"/>
  <testcase name="testwhiteSpace" classname="com.roman.numeral.RomanNumeralTest" time="0.002"/>
</testsuite>